This is pdfTeX, Version 3.14159265-2.6-1.40.21 (MiKTeX 2.9.7400 64-bit) (preloaded format=pdflatex 2020.5.5)  21 JUL 2020 19:21
entering extended mode
**"c:/Users/User/Desktop/UniPD/Università/III anno/Tesi/tesi/frontmatter/frontespizio.tex"
("c:/Users/User/Desktop/UniPD/Università/III anno/Tesi/tesi/frontmatter/frontespizio.tex"
LaTeX2e <2020-02-02> patch level 5
L3 programming layer <2020-04-06> ("C:\Users\User\AppData\Local\Programs\MiKTeX 2.9\tex/latex/l3backend\l3backend-pdfmode.def"
File: l3backend-pdfmode.def 2020-03-12 L3 backend support: PDF mode
\l__kernel_color_stack_int=\count167
\l__pdf_internal_box=\box45
) ("c:/Users\User\Desktop\UniPD\Università\III anno\Tesi\tesi\frontmatter\frontespizio.aux")
\openout1 = `frontespizio.aux'.

LaTeX Font Info:    Checking defaults for OML/cmm/m/it on input line 1.
LaTeX Font Info:    ... okay on input line 1.
LaTeX Font Info:    Checking defaults for OMS/cmsy/m/n on input line 1.
LaTeX Font Info:    ... okay on input line 1.
LaTeX Font Info:    Checking defaults for OT1/cmr/m/n on input line 1.
LaTeX Font Info:    ... okay on input line 1.
LaTeX Font Info:    Checking defaults for T1/cmr/m/n on input line 1.
LaTeX Font Info:    ... okay on input line 1.
LaTeX Font Info:    Checking defaults for TS1/cmr/m/n on input line 1.
LaTeX Font Info:    ... okay on input line 1.
LaTeX Font Info:    Checking defaults for OMX/cmex/m/n on input line 1.
LaTeX Font Info:    ... okay on input line 1.
LaTeX Font Info:    Checking defaults for U/cmr/m/n on input line 1.
LaTeX Font Info:    ... okay on input line 1.


c:/Users/User/Desktop/UniPD/Università/III anno/Tesi/tesi/frontmatter/frontespizio.tex:1: LaTeX Error: The font size command \normalsize is not defined:
               there is probably something wrong with the class file.

See the LaTeX manual or LaTeX Companion for explanation.
Type  H <return>  for immediate help.
 ...                                              
                                                  
l.1 \begin{document}
                    
Your command was ignored.
Type  I <command> <return>  to replace it with another command,
or  <return>  to continue without it.

c:/Users/User/Desktop/UniPD/Università/III anno/Tesi/tesi/frontmatter/frontespizio.tex:2: Undefined control sequence.
l.2 \frontmatter
                
The control sequence at the end of the top line
of your error message was never \def'ed. If you have
misspelled it (e.g., `\hobx'), type `I' and the correct
spelling (e.g., `I\hbox'). Otherwise just continue,
and I'll forget about whatever was undefined.


c:/Users/User/Desktop/UniPD/Università/III anno/Tesi/tesi/frontmatter/frontespizio.tex:3: LaTeX Error: Environment titlepage undefined.

See the LaTeX manual or LaTeX Companion for explanation.
Type  H <return>  for immediate help.
 ...                                              
                                                  
l.3 \begin{titlepage}
                     
Your command was ignored.
Type  I <command> <return>  to replace it with another command,
or  <return>  to continue without it.


c:/Users/User/Desktop/UniPD/Università/III anno/Tesi/tesi/frontmatter/frontespizio.tex:5: LaTeX Error: Environment figure undefined.

See the LaTeX manual or LaTeX Companion for explanation.
Type  H <return>  for immediate help.
 ...                                              
                                                  
l.5 \begin{figure}
                  [hbtp]
Your command was ignored.
Type  I <command> <return>  to replace it with another command,
or  <return>  to continue without it.

c:/Users/User/Desktop/UniPD/Università/III anno/Tesi/tesi/frontmatter/frontespizio.tex:7: Undefined control sequence.
l.7 \includegraphics
                    [scale=.13]{unipd_logo.png}
The control sequence at the end of the top line
of your error message was never \def'ed. If you have
misspelled it (e.g., `\hobx'), type `I' and the correct
spelling (e.g., `I\hbox'). Otherwise just continue,
and I'll forget about whatever was undefined.

c:/Users/User/Desktop/UniPD/Università/III anno/Tesi/tesi/frontmatter/frontespizio.tex:7: Missing $ inserted.
<inserted text> 
                $
l.7 \includegraphics[scale=.13]{unipd_
                                      logo.png}
I've inserted a begin-math/end-math symbol since I think
you left one out. Proceed, with fingers crossed.

LaTeX Font Info:    External font `cmex10' loaded for size
(Font)              <7> on input line 7.
LaTeX Font Info:    External font `cmex10' loaded for size
(Font)              <5> on input line 7.
c:/Users/User/Desktop/UniPD/Università/III anno/Tesi/tesi/frontmatter/frontespizio.tex:7: Extra }, or forgotten $.
l.7 \includegraphics[scale=.13]{unipd_logo.png}
                                               
I've deleted a group-closing symbol because it seems to be
spurious, as in `$x}$'. But perhaps the } is legitimate and
you forgot something else, as in `\hbox{$x}'. In such cases
the way to recover is to insert both the forgotten and the
deleted material, e.g., by typing `I$}'.


c:/Users/User/Desktop/UniPD/Università/III anno/Tesi/tesi/frontmatter/frontespizio.tex:8: LaTeX Error: \begin{document} ended by \end{figure}.

See the LaTeX manual or LaTeX Companion for explanation.
Type  H <return>  for immediate help.
 ...                                              
                                                  
l.8 \end{figure}
                
Your command was ignored.
Type  I <command> <return>  to replace it with another command,
or  <return>  to continue without it.

c:/Users/User/Desktop/UniPD/Università/III anno/Tesi/tesi/frontmatter/frontespizio.tex:8: Missing $ inserted.
<inserted text> 
                $
l.8 \end{figure}
                
I've inserted something that you may have forgotten.
(See the <inserted text> above.)
With luck, this will get me unwedged. But if you
really didn't forget anything, try typing `2' now; then
my insertion and my current dilemma will both disappear.

c:/Users/User/Desktop/UniPD/Università/III anno/Tesi/tesi/frontmatter/frontespizio.tex:8: Missing } inserted.
<inserted text> 
                }
l.8 \end{figure}
                
I've inserted something that you may have forgotten.
(See the <inserted text> above.)
With luck, this will get me unwedged. But if you
really didn't forget anything, try typing `2' now; then
my insertion and my current dilemma will both disappear.

c:/Users/User/Desktop/UniPD/Università/III anno/Tesi/tesi/frontmatter/frontespizio.tex:11: Undefined control sequence.
l.11 {{\huge
            {\textsc{\bf UNIVERSIT\`A DEGLI STUDI DI PADOVA}}}\\}
The control sequence at the end of the top line
of your error message was never \def'ed. If you have
misspelled it (e.g., `\hobx'), type `I' and the correct
spelling (e.g., `I\hbox'). Otherwise just continue,
and I'll forget about whatever was undefined.

c:/Users/User/Desktop/UniPD/Università/III anno/Tesi/tesi/frontmatter/frontespizio.tex:11: Undefined control sequence.
<recently read> \bf 
                    
l.11 ...sc{\bf UNIVERSIT\`A DEGLI STUDI DI PADOVA}
                                                  }}\\}
The control sequence at the end of the top line
of your error message was never \def'ed. If you have
misspelled it (e.g., `\hobx'), type `I' and the correct
spelling (e.g., `I\hbox'). Otherwise just continue,
and I'll forget about whatever was undefined.

c:/Users/User/Desktop/UniPD/Università/III anno/Tesi/tesi/frontmatter/frontespizio.tex:13: Undefined control sequence.
l.13 {\Large
            {\bf Dipartimento di Fisica e Astronomia ``Galileo Galilei''}} \\
The control sequence at the end of the top line
of your error message was never \def'ed. If you have
misspelled it (e.g., `\hobx'), type `I' and the correct
spelling (e.g., `I\hbox'). Otherwise just continue,
and I'll forget about whatever was undefined.

c:/Users/User/Desktop/UniPD/Università/III anno/Tesi/tesi/frontmatter/frontespizio.tex:13: Undefined control sequence.
l.13 {\Large{\bf
                 Dipartimento di Fisica e Astronomia ``Galileo Galilei''}} \\
The control sequence at the end of the top line
of your error message was never \def'ed. If you have
misspelled it (e.g., `\hobx'), type `I' and the correct
spelling (e.g., `I\hbox'). Otherwise just continue,
and I'll forget about whatever was undefined.

c:/Users/User/Desktop/UniPD/Università/III anno/Tesi/tesi/frontmatter/frontespizio.tex:15: Undefined control sequence.
l.15 {\Large
            {\textsc{\bf Corso di Laurea in Fisica}}}\\
The control sequence at the end of the top line
of your error message was never \def'ed. If you have
misspelled it (e.g., `\hobx'), type `I' and the correct
spelling (e.g., `I\hbox'). Otherwise just continue,
and I'll forget about whatever was undefined.

c:/Users/User/Desktop/UniPD/Università/III anno/Tesi/tesi/frontmatter/frontespizio.tex:15: Undefined control sequence.
<recently read> \bf 
                    
l.15 ...rge{\textsc{\bf Corso di Laurea in Fisica}
                                                  }}\\
The control sequence at the end of the top line
of your error message was never \def'ed. If you have
misspelled it (e.g., `\hobx'), type `I' and the correct
spelling (e.g., `I\hbox'). Otherwise just continue,
and I'll forget about whatever was undefined.

c:/Users/User/Desktop/UniPD/Università/III anno/Tesi/tesi/frontmatter/frontespizio.tex:17: Undefined control sequence.
l.17 {\Large
            {\textsc{\bf Tesi di Laurea}}}\\
The control sequence at the end of the top line
of your error message was never \def'ed. If you have
misspelled it (e.g., `\hobx'), type `I' and the correct
spelling (e.g., `I\hbox'). Otherwise just continue,
and I'll forget about whatever was undefined.

c:/Users/User/Desktop/UniPD/Università/III anno/Tesi/tesi/frontmatter/frontespizio.tex:17: Undefined control sequence.
<recently read> \bf 
                    
l.17 {\Large{\textsc{\bf Tesi di Laurea}
                                        }}\\
The control sequence at the end of the top line
of your error message was never \def'ed. If you have
misspelled it (e.g., `\hobx'), type `I' and the correct
spelling (e.g., `I\hbox'). Otherwise just continue,
and I'll forget about whatever was undefined.


c:/Users/User/Desktop/UniPD/Università/III anno/Tesi/tesi/frontmatter/frontespizio.tex:19: LaTeX Error: Environment spacing undefined.

See the LaTeX manual or LaTeX Companion for explanation.
Type  H <return>  for immediate help.
 ...                                              
                                                  
l.19 \begin{spacing}
                    {3}
Your command was ignored.
Type  I <command> <return>  to replace it with another command,
or  <return>  to continue without it.

c:/Users/User/Desktop/UniPD/Università/III anno/Tesi/tesi/frontmatter/frontespizio.tex:20: Undefined control sequence.
l.20 {\LARGE
             \textbf{Titolo}}\\
The control sequence at the end of the top line
of your error message was never \def'ed. If you have
misspelled it (e.g., `\hobx'), type `I' and the correct
spelling (e.g., `I\hbox'). Otherwise just continue,
and I'll forget about whatever was undefined.


c:/Users/User/Desktop/UniPD/Università/III anno/Tesi/tesi/frontmatter/frontespizio.tex:21: LaTeX Error: \begin{center} on input line 10 ended by \end{spacing}.

See the LaTeX manual or LaTeX Companion for explanation.
Type  H <return>  for immediate help.
 ...                                              
                                                  
l.21 \end{spacing}
                  
Your command was ignored.
Type  I <command> <return>  to replace it with another command,
or  <return>  to continue without it.


c:/Users/User/Desktop/UniPD/Università/III anno/Tesi/tesi/frontmatter/frontespizio.tex:26: LaTeX Error: Environment spacing undefined.

See the LaTeX manual or LaTeX Companion for explanation.
Type  H <return>  for immediate help.
 ...                                              
                                                  
l.26 \begin{spacing}
                    {2}
Your command was ignored.
Type  I <command> <return>  to replace it with another command,
or  <return>  to continue without it.

c:/Users/User/Desktop/UniPD/Università/III anno/Tesi/tesi/frontmatter/frontespizio.tex:28: Undefined control sequence.
l.28 {\Large
            {\bf Relatore}} &&&&&&&&&&& {\Large{\bf Laureando}}\\
The control sequence at the end of the top line
of your error message was never \def'ed. If you have
misspelled it (e.g., `\hobx'), type `I' and the correct
spelling (e.g., `I\hbox'). Otherwise just continue,
and I'll forget about whatever was undefined.

c:/Users/User/Desktop/UniPD/Università/III anno/Tesi/tesi/frontmatter/frontespizio.tex:28: Undefined control sequence.
l.28 {\Large{\bf
                 Relatore}} &&&&&&&&&&& {\Large{\bf Laureando}}\\
The control sequence at the end of the top line
of your error message was never \def'ed. If you have
misspelled it (e.g., `\hobx'), type `I' and the correct
spelling (e.g., `I\hbox'). Otherwise just continue,
and I'll forget about whatever was undefined.

c:/Users/User/Desktop/UniPD/Università/III anno/Tesi/tesi/frontmatter/frontespizio.tex:28: Undefined control sequence.
l.28 {\Large{\bf Relatore}} &&&&&&&&&&& {\Large
                                               {\bf Laureando}}\\
The control sequence at the end of the top line
of your error message was never \def'ed. If you have
misspelled it (e.g., `\hobx'), type `I' and the correct
spelling (e.g., `I\hbox'). Otherwise just continue,
and I'll forget about whatever was undefined.

c:/Users/User/Desktop/UniPD/Università/III anno/Tesi/tesi/frontmatter/frontespizio.tex:28: Undefined control sequence.
l.28 ...rge{\bf Relatore}} &&&&&&&&&&& {\Large{\bf
                                                   Laureando}}\\
The control sequence at the end of the top line
of your error message was never \def'ed. If you have
misspelled it (e.g., `\hobx'), type `I' and the correct
spelling (e.g., `I\hbox'). Otherwise just continue,
and I'll forget about whatever was undefined.

c:/Users/User/Desktop/UniPD/Università/III anno/Tesi/tesi/frontmatter/frontespizio.tex:29: Undefined control sequence.
l.29 {\Large
            {\bf Prof./Dr. Nome Cognome}} &&&&&&&&&&& {\Large{\bf Nome Cogno...
The control sequence at the end of the top line
of your error message was never \def'ed. If you have
misspelled it (e.g., `\hobx'), type `I' and the correct
spelling (e.g., `I\hbox'). Otherwise just continue,
and I'll forget about whatever was undefined.

c:/Users/User/Desktop/UniPD/Università/III anno/Tesi/tesi/frontmatter/frontespizio.tex:29: Undefined control sequence.
l.29 {\Large{\bf
                 Prof./Dr. Nome Cognome}} &&&&&&&&&&& {\Large{\bf Nome Cogno...
The control sequence at the end of the top line
of your error message was never \def'ed. If you have
misspelled it (e.g., `\hobx'), type `I' and the correct
spelling (e.g., `I\hbox'). Otherwise just continue,
and I'll forget about whatever was undefined.

c:/Users/User/Desktop/UniPD/Università/III anno/Tesi/tesi/frontmatter/frontespizio.tex:29: Undefined control sequence.
l.29 ...of./Dr. Nome Cognome}} &&&&&&&&&&& {\Large
                                                  {\bf Nome Cognome}}\\
The control sequence at the end of the top line
of your error message was never \def'ed. If you have
misspelled it (e.g., `\hobx'), type `I' and the correct
spelling (e.g., `I\hbox'). Otherwise just continue,
and I'll forget about whatever was undefined.

c:/Users/User/Desktop/UniPD/Università/III anno/Tesi/tesi/frontmatter/frontespizio.tex:29: Undefined control sequence.
l.29 ...Dr. Nome Cognome}} &&&&&&&&&&& {\Large{\bf
                                                   Nome Cognome}}\\
The control sequence at the end of the top line
of your error message was never \def'ed. If you have
misspelled it (e.g., `\hobx'), type `I' and the correct
spelling (e.g., `I\hbox'). Otherwise just continue,
and I'll forget about whatever was undefined.

c:/Users/User/Desktop/UniPD/Università/III anno/Tesi/tesi/frontmatter/frontespizio.tex:30: Undefined control sequence.
l.30 {\Large
            {\bf Correlatore}}\\
The control sequence at the end of the top line
of your error message was never \def'ed. If you have
misspelled it (e.g., `\hobx'), type `I' and the correct
spelling (e.g., `I\hbox'). Otherwise just continue,
and I'll forget about whatever was undefined.

c:/Users/User/Desktop/UniPD/Università/III anno/Tesi/tesi/frontmatter/frontespizio.tex:30: Undefined control sequence.
l.30 {\Large{\bf
                 Correlatore}}\\
The control sequence at the end of the top line
of your error message was never \def'ed. If you have
misspelled it (e.g., `\hobx'), type `I' and the correct
spelling (e.g., `I\hbox'). Otherwise just continue,
and I'll forget about whatever was undefined.

c:/Users/User/Desktop/UniPD/Università/III anno/Tesi/tesi/frontmatter/frontespizio.tex:31: Undefined control sequence.
l.31 {\Large
            {\bf Prof./Dr. Nome Cognome}}\\
The control sequence at the end of the top line
of your error message was never \def'ed. If you have
misspelled it (e.g., `\hobx'), type `I' and the correct
spelling (e.g., `I\hbox'). Otherwise just continue,
and I'll forget about whatever was undefined.

c:/Users/User/Desktop/UniPD/Università/III anno/Tesi/tesi/frontmatter/frontespizio.tex:31: Undefined control sequence.
l.31 {\Large{\bf
                 Prof./Dr. Nome Cognome}}\\
The control sequence at the end of the top line
of your error message was never \def'ed. If you have
misspelled it (e.g., `\hobx'), type `I' and the correct
spelling (e.g., `I\hbox'). Otherwise just continue,
and I'll forget about whatever was undefined.


c:/Users/User/Desktop/UniPD/Università/III anno/Tesi/tesi/frontmatter/frontespizio.tex:33: LaTeX Error: \begin{document} ended by \end{spacing}.

See the LaTeX manual or LaTeX Companion for explanation.
Type  H <return>  for immediate help.
 ...                                              
                                                  
l.33 \end{spacing}
                  
Your command was ignored.
Type  I <command> <return>  to replace it with another command,
or  <return>  to continue without it.

c:/Users/User/Desktop/UniPD/Università/III anno/Tesi/tesi/frontmatter/frontespizio.tex:37: Undefined control sequence.
l.37 {\Large
            {\bf Anno Accademico xxxx/xxxx}}
The control sequence at the end of the top line
of your error message was never \def'ed. If you have
misspelled it (e.g., `\hobx'), type `I' and the correct
spelling (e.g., `I\hbox'). Otherwise just continue,
and I'll forget about whatever was undefined.

c:/Users/User/Desktop/UniPD/Università/III anno/Tesi/tesi/frontmatter/frontespizio.tex:37: Undefined control sequence.
l.37 {\Large{\bf
                 Anno Accademico xxxx/xxxx}}
The control sequence at the end of the top line
of your error message was never \def'ed. If you have
misspelled it (e.g., `\hobx'), type `I' and the correct
spelling (e.g., `I\hbox'). Otherwise just continue,
and I'll forget about whatever was undefined.


c:/Users/User/Desktop/UniPD/Università/III anno/Tesi/tesi/frontmatter/frontespizio.tex:39: LaTeX Error: \begin{document} ended by \end{titlepage}.

See the LaTeX manual or LaTeX Companion for explanation.
Type  H <return>  for immediate help.
 ...                                              
                                                  
l.39 \end{titlepage}
                    
Your command was ignored.
Type  I <command> <return>  to replace it with another command,
or  <return>  to continue without it.


c:/Users/User/Desktop/UniPD/Università/III anno/Tesi/tesi/frontmatter/frontespizio.tex:40: LaTeX Error: The font size command \normalsize is not defined:
               there is probably something wrong with the class file.

See the LaTeX manual or LaTeX Companion for explanation.
Type  H <return>  for immediate help.
 ...                                              
                                                  
l.40 \clearpage
               {\pagestyle{empty}\cleardoublepage}
Your command was ignored.
Type  I <command> <return>  to replace it with another command,
or  <return>  to continue without it.

[1{C:/Users/User/AppData/Local/MiKTeX/2.9/pdftex/config/pdftex.map}] ("c:/Users\User\Desktop\UniPD\Università\III anno\Tesi\tesi\frontmatter\frontespizio.aux") ) 
Here is how much of TeX's memory you used:
 180 strings out of 480896
 5054 string characters out of 2898649
 241466 words of memory out of 3000000
 16155 multiletter control sequences out of 15000+200000
 532947 words of font info for 26 fonts, out of 3000000 for 9000
 1141 hyphenation exceptions out of 8191
 18i,6n,19p,207b,132s stack positions out of 5000i,500n,10000p,200000b,50000s
<C:/Users/User/AppData/Local/Programs/MiKTeX 2.9/fonts/type1/public/amsfonts/cm/cmbx10.pfb><C:/Users/User/AppData/Local/Programs/MiKTeX 2.9/fonts/type1/public/amsfonts/cm/cmcsc10.pfb><C:/Users/User/AppData/Local/Programs/MiKTeX 2.9/fonts/type1/public/amsfonts/cm/cmmi10.pfb><C:/Users/User/AppData/Local/Programs/MiKTeX 2.9/fonts/type1/public/amsfonts/cm/cmmi7.pfb><C:/Users/User/AppData/Local/Programs/MiKTeX 2.9/fonts/type1/public/amsfonts/cm/cmr10.pfb>
Output written on "c:/Users\User\Desktop\UniPD\Università\III anno\Tesi\tesi\frontmatter\frontespizio.pdf" (1 page, 57533 bytes).
PDF statistics:
 26 PDF objects out of 1000 (max. 8388607)
 0 named destinations out of 1000 (max. 500000)
 1 words of extra memory for PDF output out of 10000 (max. 10000000)

